This file contains any messages produced by compilers while
running configure, to aid debugging if configure makes a mistake.

It was created by HTSlib configure 1.17-47-ge86126b, which was
generated by GNU Autoconf 2.71.  Invocation command line was

  $ ./configure --without-libdeflate --disable-libcurl --disable-lzma

## --------- ##
## Platform. ##
## --------- ##

hostname = kuan-haos-mbp.acasmart.jh.edu
uname -m = arm64
uname -r = 22.3.0
uname -s = Darwin
uname -v = Darwin Kernel Version 22.3.0: Sun Dec  4 18:17:21 PST 2022; root:xnu-8792.80.21.0.2~9/RELEASE_ARM64_T6000

/usr/bin/uname -p = arm
/bin/uname -X     = unknown

/bin/arch              = unknown
/usr/bin/arch -k       = unknown
/usr/convex/getsysinfo = unknown
/usr/bin/hostinfo      = Mach kernel version:
	 Darwin Kernel Version 22.3.0: Sun Dec  4 18:17:21 PST 2022; root:xnu-8792.80.21.0.2~9/RELEASE_ARM64_T6000
Kernel configured for up to 10 processors.
10 processors are physically available.
10 processors are logically available.
Processor type: arm64e (ARM64E)
Processors active: 0 1 2 3 4 5 6 7 8 9
Primary memory available: 16.00 gigabytes
Default processor set: 706 tasks, 6177 threads, 10 processors
Load average: 20.51, Mach factor: 0.48
/bin/machine           = unknown
/usr/bin/oslevel       = unknown
/bin/universe          = unknown

PATH: /Applications/CMake.app/Contents/bin/
PATH: /Applications/Sublime Text.app/Contents/SharedSupport/bin/
PATH: /usr/local/mysql/bin/
PATH: /Users/chaokuan-hao/.gem/ruby/2.6.0/bin/
PATH: /usr/local/bin/ffmpeg/
PATH: /Users/chaokuan-hao/miniconda3/bin/
PATH: /Users/chaokuan-hao/miniconda3/condabin/
PATH: /Users/chaokuan-hao/bin/
PATH: /usr/local/bin/
PATH: /usr/local/bin/
PATH: /System/Cryptexes/App/usr/bin/
PATH: /usr/bin/
PATH: /bin/
PATH: /usr/sbin/
PATH: /sbin/
PATH: /Library/TeX/texbin/
PATH: /opt/X11/bin/
PATH: /Library/Apple/usr/bin/
PATH: /Library/Frameworks/Mono.framework/Versions/Current/Commands/
PATH: /Users/chaokuan-hao/.cargo/bin/


## ----------- ##
## Core tests. ##
## ----------- ##

configure:2414: looking for aux files: config.guess config.sub
configure:2427:  trying ./
configure:2456:   ./config.guess found
configure:2456:   ./config.sub found
configure:2726: checking for gcc
configure:2747: found /usr/bin/gcc
configure:2758: result: gcc
configure:3111: checking for C compiler version
configure:3120: gcc --version >&5
Apple clang version 14.0.0 (clang-1400.0.29.202)
Target: arm64-apple-darwin22.3.0
Thread model: posix
InstalledDir: /Library/Developer/CommandLineTools/usr/bin
configure:3131: $? = 0
configure:3120: gcc -v >&5
Apple clang version 14.0.0 (clang-1400.0.29.202)
Target: arm64-apple-darwin22.3.0
Thread model: posix
InstalledDir: /Library/Developer/CommandLineTools/usr/bin
configure:3131: $? = 0
configure:3120: gcc -V >&5
clang: error: argument to '-V' is missing (expected 1 value)
clang: error: no input files
configure:3131: $? = 1
configure:3120: gcc -qversion >&5
clang: error: unknown argument '-qversion'; did you mean '--version'?
clang: error: no input files
configure:3131: $? = 1
configure:3120: gcc -version >&5
clang: error: unknown argument '-version'; did you mean '--version'?
clang: error: no input files
configure:3131: $? = 1
configure:3151: checking whether the C compiler works
configure:3173: gcc    conftest.c  >&5
configure:3177: $? = 0
configure:3227: result: yes
configure:3230: checking for C compiler default output file name
configure:3232: result: a.out
configure:3238: checking for suffix of executables
configure:3245: gcc -o conftest    conftest.c  >&5
configure:3249: $? = 0
configure:3272: result: 
configure:3294: checking whether we are cross compiling
configure:3302: gcc -o conftest    conftest.c  >&5
configure:3306: $? = 0
configure:3313: ./conftest
configure:3317: $? = 0
configure:3332: result: no
configure:3337: checking for suffix of object files
configure:3360: gcc -c   conftest.c >&5
configure:3364: $? = 0
configure:3386: result: o
configure:3390: checking whether the compiler supports GNU C
configure:3410: gcc -c   conftest.c >&5
configure:3410: $? = 0
configure:3420: result: yes
configure:3431: checking whether gcc accepts -g
configure:3452: gcc -c -g  conftest.c >&5
configure:3452: $? = 0
configure:3496: result: yes
configure:3516: checking for gcc option to enable C11 features
configure:3531: gcc  -c -g -O2  conftest.c >&5
configure:3531: $? = 0
configure:3549: result: none needed
configure:3707: checking for ranlib
configure:3728: found /usr/bin/ranlib
configure:3739: result: ranlib
configure:3762: checking for grep that handles long lines and -e
configure:3826: result: /usr/bin/grep
configure:3854: checking for C compiler warning flags
configure:3987: result: -Wall
configure:4092: checking for gcc options needed to detect all undeclared functions
configure:4114: gcc -c  -Wall -g -O2   conftest.c >&5
conftest.c:13:8: error: implicitly declaring library function 'strchr' with type 'char *(const char *, int)' [-Werror,-Wimplicit-function-declaration]
(void) strchr;
       ^
conftest.c:13:8: note: include the header <string.h> or explicitly provide a declaration for 'strchr'
1 error generated.
configure:4114: $? = 1
configure: failed program was:
| /* confdefs.h */
| #define PACKAGE_NAME "HTSlib"
| #define PACKAGE_TARNAME "htslib"
| #define PACKAGE_VERSION "1.17-47-ge86126b"
| #define PACKAGE_STRING "HTSlib 1.17-47-ge86126b"
| #define PACKAGE_BUGREPORT "samtools-help@lists.sourceforge.net"
| #define PACKAGE_URL "http://www.htslib.org/"
| /* end confdefs.h.  */
| 
| int
| main (void)
| {
| (void) strchr;
|   ;
|   return 0;
| }
configure:4141: gcc -c  -Wall -g -O2   conftest.c >&5
configure:4141: $? = 0
configure:4158: result: none needed
configure:4176: checking for stdio.h
configure:4176: gcc -c  -Wall -g -O2  conftest.c >&5
configure:4176: $? = 0
configure:4176: result: yes
configure:4176: checking for stdlib.h
configure:4176: gcc -c  -Wall -g -O2  conftest.c >&5
configure:4176: $? = 0
configure:4176: result: yes
configure:4176: checking for string.h
configure:4176: gcc -c  -Wall -g -O2  conftest.c >&5
configure:4176: $? = 0
configure:4176: result: yes
configure:4176: checking for inttypes.h
configure:4176: gcc -c  -Wall -g -O2  conftest.c >&5
configure:4176: $? = 0
configure:4176: result: yes
configure:4176: checking for stdint.h
configure:4176: gcc -c  -Wall -g -O2  conftest.c >&5
configure:4176: $? = 0
configure:4176: result: yes
configure:4176: checking for strings.h
configure:4176: gcc -c  -Wall -g -O2  conftest.c >&5
configure:4176: $? = 0
configure:4176: result: yes
configure:4176: checking for sys/stat.h
configure:4176: gcc -c  -Wall -g -O2  conftest.c >&5
configure:4176: $? = 0
configure:4176: result: yes
configure:4176: checking for sys/types.h
configure:4176: gcc -c  -Wall -g -O2  conftest.c >&5
configure:4176: $? = 0
configure:4176: result: yes
configure:4176: checking for unistd.h
configure:4176: gcc -c  -Wall -g -O2  conftest.c >&5
configure:4176: $? = 0
configure:4176: result: yes
configure:4176: checking for sys/param.h
configure:4176: gcc -c  -Wall -g -O2  conftest.c >&5
configure:4176: $? = 0
configure:4176: result: yes
configure:4201: checking whether _XOPEN_SOURCE is declared
configure:4201: gcc -c  -Wall -g -O2   conftest.c >&5
conftest.c:55:10: error: use of undeclared identifier '_XOPEN_SOURCE'
  (void) _XOPEN_SOURCE;
         ^
1 error generated.
configure:4201: $? = 1
configure: failed program was:
| /* confdefs.h */
| #define PACKAGE_NAME "HTSlib"
| #define PACKAGE_TARNAME "htslib"
| #define PACKAGE_VERSION "1.17-47-ge86126b"
| #define PACKAGE_STRING "HTSlib 1.17-47-ge86126b"
| #define PACKAGE_BUGREPORT "samtools-help@lists.sourceforge.net"
| #define PACKAGE_URL "http://www.htslib.org/"
| #define HAVE_STDIO_H 1
| #define HAVE_STDLIB_H 1
| #define HAVE_STRING_H 1
| #define HAVE_INTTYPES_H 1
| #define HAVE_STDINT_H 1
| #define HAVE_STRINGS_H 1
| #define HAVE_SYS_STAT_H 1
| #define HAVE_SYS_TYPES_H 1
| #define HAVE_UNISTD_H 1
| #define HAVE_SYS_PARAM_H 1
| #define STDC_HEADERS 1
| /* end confdefs.h.  */
| #include <stddef.h>
| #ifdef HAVE_STDIO_H
| # include <stdio.h>
| #endif
| #ifdef HAVE_STDLIB_H
| # include <stdlib.h>
| #endif
| #ifdef HAVE_STRING_H
| # include <string.h>
| #endif
| #ifdef HAVE_INTTYPES_H
| # include <inttypes.h>
| #endif
| #ifdef HAVE_STDINT_H
| # include <stdint.h>
| #endif
| #ifdef HAVE_STRINGS_H
| # include <strings.h>
| #endif
| #ifdef HAVE_SYS_TYPES_H
| # include <sys/types.h>
| #endif
| #ifdef HAVE_SYS_STAT_H
| # include <sys/stat.h>
| #endif
| #ifdef HAVE_UNISTD_H
| # include <unistd.h>
| #endif
| int
| main (void)
| {
| #ifndef _XOPEN_SOURCE
| #ifdef __cplusplus
|   (void) _XOPEN_SOURCE;
| #else
|   (void) _XOPEN_SOURCE;
| #endif
| #endif
| 
|   ;
|   return 0;
| }
configure:4201: result: no
configure:4213: checking C compiler flags needed for ssse3
configure:4241: gcc -o conftest  -Wall -g -O2   conftest.c  >&5
configure:4241: $? = 0
configure:4281: result: none
configure:4306: checking C compiler flags needed for popcnt
configure:4333: gcc -o conftest  -Wall -g -O2   conftest.c  >&5
configure:4333: $? = 0
configure:4372: result: none
configure:4397: checking C compiler flags needed for sse4.1
configure:4425: gcc -o conftest  -Wall -g -O2   conftest.c  >&5
configure:4425: $? = 0
configure:4465: result: none
configure:4494: checking C compiler flags needed for avx2
configure:4523: gcc -o conftest  -Wall -g -O2   conftest.c  >&5
configure:4523: $? = 0
configure:4564: result: none
configure:4590: checking C compiler flags needed for avx512f
configure:4618: gcc -o conftest  -Wall -g -O2   conftest.c  >&5
configure:4618: $? = 0
configure:4658: result: none
configure:4743: checking for pkg-config
configure:4766: found /usr/local/bin/pkg-config
configure:4778: result: /usr/local/bin/pkg-config
configure:4803: checking pkg-config is at least version 0.9.0
configure:4806: result: yes
configure:4856: checking for special C compiler options needed for large files
configure:4904: result: no
configure:4910: checking for _FILE_OFFSET_BITS value needed for large files
configure:4936: gcc -c  -Wall -g -O2  conftest.c >&5
configure:4936: $? = 0
configure:4970: result: no
configure:5151: checking shared library type for unknown-Darwin
configure:5181: result: Darwin dylib
configure:5237: checking whether the compiler accepts -fvisibility=hidden
configure:5258: gcc -o conftest  -Wall -g -O2 -fvisibility=hidden   -fvisibility=hidden conftest.c  >&5
configure:5258: $? = 0
configure:5273: result: yes
configure:5334: checking build system type
configure:5349: result: aarch64-apple-darwin22.3.0
configure:5369: checking host system type
configure:5383: result: aarch64-apple-darwin22.3.0
configure:5408: checking for getpagesize
configure:5408: gcc -o conftest  -Wall -g -O2 -fvisibility=hidden   -fvisibility=hidden conftest.c  >&5
configure:5408: $? = 0
configure:5408: result: yes
configure:5419: checking for working mmap
configure:5571: gcc -o conftest  -Wall -g -O2 -fvisibility=hidden   -fvisibility=hidden conftest.c  >&5
conftest.c:124:14: error: implicit declaration of function 'getpagesize' is invalid in C99 [-Werror,-Wimplicit-function-declaration]
  pagesize = getpagesize ();
             ^
1 error generated.
configure:5571: $? = 1
configure: program exited with status 1
configure: failed program was:
| /* confdefs.h */
| #define PACKAGE_NAME "HTSlib"
| #define PACKAGE_TARNAME "htslib"
| #define PACKAGE_VERSION "1.17-47-ge86126b"
| #define PACKAGE_STRING "HTSlib 1.17-47-ge86126b"
| #define PACKAGE_BUGREPORT "samtools-help@lists.sourceforge.net"
| #define PACKAGE_URL "http://www.htslib.org/"
| #define HAVE_STDIO_H 1
| #define HAVE_STDLIB_H 1
| #define HAVE_STRING_H 1
| #define HAVE_INTTYPES_H 1
| #define HAVE_STDINT_H 1
| #define HAVE_STRINGS_H 1
| #define HAVE_SYS_STAT_H 1
| #define HAVE_SYS_TYPES_H 1
| #define HAVE_UNISTD_H 1
| #define HAVE_SYS_PARAM_H 1
| #define STDC_HEADERS 1
| #define _XOPEN_SOURCE 600
| #define HAVE_SSSE3 1
| #define HAVE_POPCNT 1
| #define HAVE_SSE4_1 1
| #define UBSAN 1
| #define HAVE_AVX2 1
| #define HAVE_AVX512 1
| #define HAVE_GETPAGESIZE 1
| /* end confdefs.h.  */
| #include <stddef.h>
| #ifdef HAVE_STDIO_H
| # include <stdio.h>
| #endif
| #ifdef HAVE_STDLIB_H
| # include <stdlib.h>
| #endif
| #ifdef HAVE_STRING_H
| # include <string.h>
| #endif
| #ifdef HAVE_INTTYPES_H
| # include <inttypes.h>
| #endif
| #ifdef HAVE_STDINT_H
| # include <stdint.h>
| #endif
| #ifdef HAVE_STRINGS_H
| # include <strings.h>
| #endif
| #ifdef HAVE_SYS_TYPES_H
| # include <sys/types.h>
| #endif
| #ifdef HAVE_SYS_STAT_H
| # include <sys/stat.h>
| #endif
| #ifdef HAVE_UNISTD_H
| # include <unistd.h>
| #endif
| /* malloc might have been renamed as rpl_malloc. */
| #undef malloc
| 
| /* Thanks to Mike Haertel and Jim Avera for this test.
|    Here is a matrix of mmap possibilities:
| 	mmap private not fixed
| 	mmap private fixed at somewhere currently unmapped
| 	mmap private fixed at somewhere already mapped
| 	mmap shared not fixed
| 	mmap shared fixed at somewhere currently unmapped
| 	mmap shared fixed at somewhere already mapped
|    For private mappings, we should verify that changes cannot be read()
|    back from the file, nor mmap's back from the file at a different
|    address.  (There have been systems where private was not correctly
|    implemented like the infamous i386 svr4.0, and systems where the
|    VM page cache was not coherent with the file system buffer cache
|    like early versions of FreeBSD and possibly contemporary NetBSD.)
|    For shared mappings, we should conversely verify that changes get
|    propagated back to all the places they're supposed to be.
| 
|    Grep wants private fixed already mapped.
|    The main things grep needs to know about mmap are:
|    * does it exist and is it safe to write into the mmap'd area
|    * how to use it (BSD variants)  */
| 
| #include <fcntl.h>
| #include <sys/mman.h>
| 
| /* This mess was copied from the GNU getpagesize.h.  */
| #ifndef HAVE_GETPAGESIZE
| # ifdef _SC_PAGESIZE
| #  define getpagesize() sysconf(_SC_PAGESIZE)
| # else /* no _SC_PAGESIZE */
| #  ifdef HAVE_SYS_PARAM_H
| #   include <sys/param.h>
| #   ifdef EXEC_PAGESIZE
| #    define getpagesize() EXEC_PAGESIZE
| #   else /* no EXEC_PAGESIZE */
| #    ifdef NBPG
| #     define getpagesize() NBPG * CLSIZE
| #     ifndef CLSIZE
| #      define CLSIZE 1
| #     endif /* no CLSIZE */
| #    else /* no NBPG */
| #     ifdef NBPC
| #      define getpagesize() NBPC
| #     else /* no NBPC */
| #      ifdef PAGESIZE
| #       define getpagesize() PAGESIZE
| #      endif /* PAGESIZE */
| #     endif /* no NBPC */
| #    endif /* no NBPG */
| #   endif /* no EXEC_PAGESIZE */
| #  else /* no HAVE_SYS_PARAM_H */
| #   define getpagesize() 8192	/* punt totally */
| #  endif /* no HAVE_SYS_PARAM_H */
| # endif /* no _SC_PAGESIZE */
| 
| #endif /* no HAVE_GETPAGESIZE */
| 
| int
| main (void)
| {
|   char *data, *data2, *data3;
|   const char *cdata2;
|   int i, pagesize;
|   int fd, fd2;
| 
|   pagesize = getpagesize ();
| 
|   /* First, make a file with some known garbage in it. */
|   data = (char *) malloc (pagesize);
|   if (!data)
|     return 1;
|   for (i = 0; i < pagesize; ++i)
|     *(data + i) = rand ();
|   umask (0);
|   fd = creat ("conftest.mmap", 0600);
|   if (fd < 0)
|     return 2;
|   if (write (fd, data, pagesize) != pagesize)
|     return 3;
|   close (fd);
| 
|   /* Next, check that the tail of a page is zero-filled.  File must have
|      non-zero length, otherwise we risk SIGBUS for entire page.  */
|   fd2 = open ("conftest.txt", O_RDWR | O_CREAT | O_TRUNC, 0600);
|   if (fd2 < 0)
|     return 4;
|   cdata2 = "";
|   if (write (fd2, cdata2, 1) != 1)
|     return 5;
|   data2 = (char *) mmap (0, pagesize, PROT_READ | PROT_WRITE, MAP_SHARED, fd2, 0L);
|   if (data2 == MAP_FAILED)
|     return 6;
|   for (i = 0; i < pagesize; ++i)
|     if (*(data2 + i))
|       return 7;
|   close (fd2);
|   if (munmap (data2, pagesize))
|     return 8;
| 
|   /* Next, try to mmap the file at a fixed address which already has
|      something else allocated at it.  If we can, also make sure that
|      we see the same garbage.  */
|   fd = open ("conftest.mmap", O_RDWR);
|   if (fd < 0)
|     return 9;
|   if (data2 != mmap (data2, pagesize, PROT_READ | PROT_WRITE,
| 		     MAP_PRIVATE | MAP_FIXED, fd, 0L))
|     return 10;
|   for (i = 0; i < pagesize; ++i)
|     if (*(data + i) != *(data2 + i))
|       return 11;
| 
|   /* Finally, make sure that changes to the mapped area do not
|      percolate back to the file as seen by read().  (This is a bug on
|      some variants of i386 svr4.0.)  */
|   for (i = 0; i < pagesize; ++i)
|     *(data2 + i) = *(data2 + i) + 1;
|   data3 = (char *) malloc (pagesize);
|   if (!data3)
|     return 12;
|   if (read (fd, data3, pagesize) != pagesize)
|     return 13;
|   for (i = 0; i < pagesize; ++i)
|     if (*(data + i) != *(data3 + i))
|       return 14;
|   close (fd);
|   free (data);
|   free (data3);
|   return 0;
| }
configure:5582: result: no
configure:5591: checking for gmtime_r
configure:5591: gcc -o conftest  -Wall -g -O2 -fvisibility=hidden   -fvisibility=hidden conftest.c  >&5
configure:5591: $? = 0
configure:5591: result: yes
configure:5597: checking for fsync
configure:5597: gcc -o conftest  -Wall -g -O2 -fvisibility=hidden   -fvisibility=hidden conftest.c  >&5
configure:5597: $? = 0
configure:5597: result: yes
configure:5603: checking for drand48
configure:5603: gcc -o conftest  -Wall -g -O2 -fvisibility=hidden   -fvisibility=hidden conftest.c  >&5
configure:5603: $? = 0
configure:5603: result: yes
configure:5609: checking for srand48_deterministic
configure:5609: gcc -o conftest  -Wall -g -O2 -fvisibility=hidden   -fvisibility=hidden conftest.c  >&5
Undefined symbols for architecture arm64:
  "_srand48_deterministic", referenced from:
      _main in conftest-2dd611.o
ld: symbol(s) not found for architecture arm64
clang: error: linker command failed with exit code 1 (use -v to see invocation)
configure:5609: $? = 1
configure: failed program was:
| /* confdefs.h */
| #define PACKAGE_NAME "HTSlib"
| #define PACKAGE_TARNAME "htslib"
| #define PACKAGE_VERSION "1.17-47-ge86126b"
| #define PACKAGE_STRING "HTSlib 1.17-47-ge86126b"
| #define PACKAGE_BUGREPORT "samtools-help@lists.sourceforge.net"
| #define PACKAGE_URL "http://www.htslib.org/"
| #define HAVE_STDIO_H 1
| #define HAVE_STDLIB_H 1
| #define HAVE_STRING_H 1
| #define HAVE_INTTYPES_H 1
| #define HAVE_STDINT_H 1
| #define HAVE_STRINGS_H 1
| #define HAVE_SYS_STAT_H 1
| #define HAVE_SYS_TYPES_H 1
| #define HAVE_UNISTD_H 1
| #define HAVE_SYS_PARAM_H 1
| #define STDC_HEADERS 1
| #define _XOPEN_SOURCE 600
| #define HAVE_SSSE3 1
| #define HAVE_POPCNT 1
| #define HAVE_SSE4_1 1
| #define UBSAN 1
| #define HAVE_AVX2 1
| #define HAVE_AVX512 1
| #define HAVE_GETPAGESIZE 1
| #define HAVE_GMTIME_R 1
| #define HAVE_FSYNC 1
| #define HAVE_DRAND48 1
| /* end confdefs.h.  */
| /* Define srand48_deterministic to an innocuous variant, in case <limits.h> declares srand48_deterministic.
|    For example, HP-UX 11i <limits.h> declares gettimeofday.  */
| #define srand48_deterministic innocuous_srand48_deterministic
| 
| /* System header to define __stub macros and hopefully few prototypes,
|    which can conflict with char srand48_deterministic (); below.  */
| 
| #include <limits.h>
| #undef srand48_deterministic
| 
| /* Override any GCC internal prototype to avoid an error.
|    Use char because int might match the return type of a GCC
|    builtin and then its argument prototype would still apply.  */
| #ifdef __cplusplus
| extern "C"
| #endif
| char srand48_deterministic ();
| /* The GNU C library defines this for functions which it implements
|     to always fail with ENOSYS.  Some functions are actually named
|     something starting with __ and the normal name is an alias.  */
| #if defined __stub_srand48_deterministic || defined __stub___srand48_deterministic
| choke me
| #endif
| 
| int
| main (void)
| {
| return srand48_deterministic ();
|   ;
|   return 0;
| }
configure:5609: result: no
configure:5619: checking whether fdatasync is declared
configure:5619: gcc -c  -Wall -g -O2 -fvisibility=hidden   conftest.c >&5
conftest.c:66:10: error: use of undeclared identifier 'fdatasync'
  (void) fdatasync;
         ^
1 error generated.
configure:5619: $? = 1
configure: failed program was:
| /* confdefs.h */
| #define PACKAGE_NAME "HTSlib"
| #define PACKAGE_TARNAME "htslib"
| #define PACKAGE_VERSION "1.17-47-ge86126b"
| #define PACKAGE_STRING "HTSlib 1.17-47-ge86126b"
| #define PACKAGE_BUGREPORT "samtools-help@lists.sourceforge.net"
| #define PACKAGE_URL "http://www.htslib.org/"
| #define HAVE_STDIO_H 1
| #define HAVE_STDLIB_H 1
| #define HAVE_STRING_H 1
| #define HAVE_INTTYPES_H 1
| #define HAVE_STDINT_H 1
| #define HAVE_STRINGS_H 1
| #define HAVE_SYS_STAT_H 1
| #define HAVE_SYS_TYPES_H 1
| #define HAVE_UNISTD_H 1
| #define HAVE_SYS_PARAM_H 1
| #define STDC_HEADERS 1
| #define _XOPEN_SOURCE 600
| #define HAVE_SSSE3 1
| #define HAVE_POPCNT 1
| #define HAVE_SSE4_1 1
| #define UBSAN 1
| #define HAVE_AVX2 1
| #define HAVE_AVX512 1
| #define HAVE_GETPAGESIZE 1
| #define HAVE_GMTIME_R 1
| #define HAVE_FSYNC 1
| #define HAVE_DRAND48 1
| /* end confdefs.h.  */
| #include <stddef.h>
| #ifdef HAVE_STDIO_H
| # include <stdio.h>
| #endif
| #ifdef HAVE_STDLIB_H
| # include <stdlib.h>
| #endif
| #ifdef HAVE_STRING_H
| # include <string.h>
| #endif
| #ifdef HAVE_INTTYPES_H
| # include <inttypes.h>
| #endif
| #ifdef HAVE_STDINT_H
| # include <stdint.h>
| #endif
| #ifdef HAVE_STRINGS_H
| # include <strings.h>
| #endif
| #ifdef HAVE_SYS_TYPES_H
| # include <sys/types.h>
| #endif
| #ifdef HAVE_SYS_STAT_H
| # include <sys/stat.h>
| #endif
| #ifdef HAVE_UNISTD_H
| # include <unistd.h>
| #endif
| int
| main (void)
| {
| #ifndef fdatasync
| #ifdef __cplusplus
|   (void) fdatasync((int) 0);
| #else
|   (void) fdatasync;
| #endif
| #endif
| 
|   ;
|   return 0;
| }
configure:5619: result: no
configure:5759: checking for library containing log
configure:5789: gcc -o conftest  -Wall -g -O2 -fvisibility=hidden   -fvisibility=hidden conftest.c  >&5
conftest.c:35:6: warning: incompatible redeclaration of library function 'log' [-Wincompatible-library-redeclaration]
char log ();
     ^
conftest.c:35:6: note: 'log' is a builtin with type 'double (double)'
1 warning generated.
configure:5789: $? = 0
configure:5809: result: none required
configure:5830: checking for zlib.h
configure:5830: gcc -c  -Wall -g -O2 -fvisibility=hidden  conftest.c >&5
configure:5830: $? = 0
configure:5830: result: yes
configure:5839: checking for inflate in -lz
configure:5862: gcc -o conftest  -Wall -g -O2 -fvisibility=hidden   -fvisibility=hidden conftest.c -lz   >&5
configure:5862: $? = 0
configure:5872: result: yes
configure:5902: checking for library containing recv
configure:5932: gcc -o conftest  -Wall -g -O2 -fvisibility=hidden   -fvisibility=hidden conftest.c -lz  >&5
configure:5932: $? = 0
configure:5952: result: none required
configure:6000: checking for bzlib.h
configure:6000: gcc -c  -Wall -g -O2 -fvisibility=hidden  conftest.c >&5
configure:6000: $? = 0
configure:6000: result: yes
configure:6009: checking for BZ2_bzBuffToBuffCompress in -lbz2
configure:6032: gcc -o conftest  -Wall -g -O2 -fvisibility=hidden   -fvisibility=hidden conftest.c -lbz2  -lz  >&5
configure:6032: $? = 0
configure:6042: result: yes
configure:6243: checking whether htscodecs files are present
configure:6247: result: yes
configure:6507: WARNING: GCS support not enabled: requires libcurl support
configure:6531: WARNING: S3 support not enabled: requires libcurl support
configure:6650: checking for library containing regcomp
configure:6680: gcc -o conftest  -Wall -g -O2 -fvisibility=hidden   -fvisibility=hidden conftest.c -lbz2 -lz  >&5
configure:6680: $? = 0
configure:6700: result: none required
configure:6867: creating ./config.status

## ---------------------- ##
## Running config.status. ##
## ---------------------- ##

This file was extended by HTSlib config.status 1.17-47-ge86126b, which was
generated by GNU Autoconf 2.71.  Invocation command line was

  CONFIG_FILES    = 
  CONFIG_HEADERS  = 
  CONFIG_LINKS    = 
  CONFIG_COMMANDS = 
  $ ./config.status 

on kuan-haos-mbp.acasmart.jh.edu

config.status:851: creating config.mk
config.status:851: creating htslib.pc.tmp
config.status:851: creating config.h
config.status:1021: config.h is unchanged
config.status:1047: linking htscodecs_bundled.mk to htscodecs.mk

## ---------------- ##
## Cache variables. ##
## ---------------- ##

ac_cv_build=aarch64-apple-darwin22.3.0
ac_cv_c_compiler_gnu=yes
ac_cv_c_undeclared_builtin_options='none needed'
ac_cv_env_CC_set=
ac_cv_env_CC_value=
ac_cv_env_CFLAGS_set=
ac_cv_env_CFLAGS_value=
ac_cv_env_CPPFLAGS_set=
ac_cv_env_CPPFLAGS_value=
ac_cv_env_LDFLAGS_set=
ac_cv_env_LDFLAGS_value=
ac_cv_env_LIBS_set=
ac_cv_env_LIBS_value=
ac_cv_env_PKG_CONFIG_LIBDIR_set=
ac_cv_env_PKG_CONFIG_LIBDIR_value=
ac_cv_env_PKG_CONFIG_PATH_set=
ac_cv_env_PKG_CONFIG_PATH_value=
ac_cv_env_PKG_CONFIG_set=
ac_cv_env_PKG_CONFIG_value=
ac_cv_env_build_alias_set=
ac_cv_env_build_alias_value=
ac_cv_env_host_alias_set=
ac_cv_env_host_alias_value=
ac_cv_env_target_alias_set=
ac_cv_env_target_alias_value=
ac_cv_func_drand48=yes
ac_cv_func_fsync=yes
ac_cv_func_getpagesize=yes
ac_cv_func_gmtime_r=yes
ac_cv_func_mmap_fixed_mapped=no
ac_cv_func_srand48_deterministic=no
ac_cv_have_decl__XOPEN_SOURCE=no
ac_cv_have_decl_fdatasync_int_=no
ac_cv_header_bzlib_h=yes
ac_cv_header_inttypes_h=yes
ac_cv_header_stdint_h=yes
ac_cv_header_stdio_h=yes
ac_cv_header_stdlib_h=yes
ac_cv_header_string_h=yes
ac_cv_header_strings_h=yes
ac_cv_header_sys_param_h=yes
ac_cv_header_sys_stat_h=yes
ac_cv_header_sys_types_h=yes
ac_cv_header_unistd_h=yes
ac_cv_header_zlib_h=yes
ac_cv_host=aarch64-apple-darwin22.3.0
ac_cv_lib_bz2_BZ2_bzBuffToBuffCompress=yes
ac_cv_lib_z_inflate=yes
ac_cv_objext=o
ac_cv_path_GREP=/usr/bin/grep
ac_cv_path_ac_pt_PKG_CONFIG=/usr/local/bin/pkg-config
ac_cv_prog_ac_ct_CC=gcc
ac_cv_prog_ac_ct_RANLIB=ranlib
ac_cv_prog_cc_c11=
ac_cv_prog_cc_g=yes
ac_cv_prog_cc_stdc=
ac_cv_search_log='none required'
ac_cv_search_recv='none required'
ac_cv_search_regcomp='none required'
ac_cv_sys_file_offset_bits=no
ac_cv_sys_largefile_CC=no
hts_cv_check__fvisibility_hidden=yes
hts_cv_check_cflags_needed_avx2___mavx2=none
hts_cv_check_cflags_needed_avx512f___mavx512f=none
hts_cv_check_cflags_needed_popcnt___mpopcnt=none
hts_cv_check_cflags_needed_sse4_1___msse4_1=none
hts_cv_check_cflags_needed_ssse3___mssse3=none
hts_cv_prog_cc_warnings=-Wall

## ----------------- ##
## Output variables. ##
## ----------------- ##

CC='gcc'
CFLAGS=' -Wall -g -O2 -fvisibility=hidden'
CPPFLAGS=''
CRYPTO_LIBS=''
DEFS='-DHAVE_CONFIG_H'
ECHO_C='\c'
ECHO_N=''
ECHO_T=''
EXEEXT=''
GREP='/usr/bin/grep'
HTSDIRslash_if_relsrcdir='$(HTSDIR)/'
LDFLAGS=' -fvisibility=hidden'
LIBOBJS=''
LIBS='-lbz2 -lz '
LTLIBOBJS=''
OBJEXT='o'
PACKAGE_BUGREPORT='samtools-help@lists.sourceforge.net'
PACKAGE_NAME='HTSlib'
PACKAGE_STRING='HTSlib 1.17-47-ge86126b'
PACKAGE_TARNAME='htslib'
PACKAGE_URL='http://www.htslib.org/'
PACKAGE_VERSION='1.17-47-ge86126b'
PATH_SEPARATOR=':'
PKG_CONFIG='/usr/local/bin/pkg-config'
PKG_CONFIG_LIBDIR=''
PKG_CONFIG_PATH=''
PLATFORM='Darwin'
PLUGIN_EXT='.bundle'
RANLIB='ranlib'
SHELL='/bin/sh'
VERSION_SCRIPT_LDFLAGS=''
ac_ct_CC='gcc'
bindir='${exec_prefix}/bin'
build='aarch64-apple-darwin22.3.0'
build_alias=''
build_cpu='aarch64'
build_os='darwin22.3.0'
build_vendor='apple'
datadir='${datarootdir}'
datarootdir='${prefix}/share'
docdir='${datarootdir}/doc/${PACKAGE_TARNAME}'
dvidir='${docdir}'
enable_plugins='no'
exec_prefix='${prefix}'
gcs='disabled'
host='aarch64-apple-darwin22.3.0'
host_alias=''
host_cpu='aarch64'
host_os='darwin22.3.0'
host_vendor='apple'
htmldir='${docdir}'
hts_cflags_avx2=''
hts_cflags_avx512=''
hts_cflags_sse4='   '
includedir='${prefix}/include'
infodir='${datarootdir}/info'
libcurl='disabled'
libdir='${exec_prefix}/lib'
libexecdir='${exec_prefix}/libexec'
localedir='${datarootdir}/locale'
localstatedir='${prefix}/var'
mandir='${datarootdir}/man'
oldincludedir='/usr/include'
pc_requires=''
pdfdir='${docdir}'
plugindir='$(libexecdir)/htslib'
pluginpath='$(libexecdir)/htslib'
prefix='/usr/local'
private_LIBS=' -lbz2'
program_transform_name='s,x,x,'
psdir='${docdir}'
runstatedir='${localstatedir}/run'
s3='disabled'
sbindir='${exec_prefix}/sbin'
sharedstatedir='${prefix}/com'
static_LDFLAGS=''
static_LIBS='-lpthread -lz -lm -lbz2'
sysconfdir='${prefix}/etc'
target_alias=''
with_external_htscodecs='no'

## ----------- ##
## confdefs.h. ##
## ----------- ##

/* confdefs.h */
#define PACKAGE_NAME "HTSlib"
#define PACKAGE_TARNAME "htslib"
#define PACKAGE_VERSION "1.17-47-ge86126b"
#define PACKAGE_STRING "HTSlib 1.17-47-ge86126b"
#define PACKAGE_BUGREPORT "samtools-help@lists.sourceforge.net"
#define PACKAGE_URL "http://www.htslib.org/"
#define HAVE_STDIO_H 1
#define HAVE_STDLIB_H 1
#define HAVE_STRING_H 1
#define HAVE_INTTYPES_H 1
#define HAVE_STDINT_H 1
#define HAVE_STRINGS_H 1
#define HAVE_SYS_STAT_H 1
#define HAVE_SYS_TYPES_H 1
#define HAVE_UNISTD_H 1
#define HAVE_SYS_PARAM_H 1
#define STDC_HEADERS 1
#define _XOPEN_SOURCE 600
#define HAVE_SSSE3 1
#define HAVE_POPCNT 1
#define HAVE_SSE4_1 1
#define UBSAN 1
#define HAVE_AVX2 1
#define HAVE_AVX512 1
#define HAVE_GETPAGESIZE 1
#define HAVE_GMTIME_R 1
#define HAVE_FSYNC 1
#define HAVE_DRAND48 1
#define HAVE_LIBZ 1
#define HAVE_LIBBZ2 1

configure: exit 0
